<?xml version="1.0" encoding="UTF-8"?>
<testsuite name="com.parabank.runner.TestRunner" time="22.09" tests="4" errors="0" skipped="0" failures="0">
  <properties>
[...]
</properties>
  <testcase name="Register as a new user to parabank." classname="Register as a new user to parabank" time="15.956"/>
  <testcase name="Login with parabank valid username and valid password #1" classname="Register as a new user to parabank" time="1.607"/>
  <testcase name="Login with parabank valid username and valid password #2" classname="Register as a new user to parabank" time="1.516"/>
  <testcase name="Login with parabank valid username and valid password #3" classname="Register as a new user to parabank" time="3.011"/>
</testsuite>